0 info it worked if it ends with ok
1 verbose cli [ 'node', '/usr/local/bin/npm', 'install', '-g', 'nodemon' ]
2 info using npm@2.5.1
3 info using node@v0.12.0
4 silly cache add args [ 'nodemon', null ]
5 verbose cache add spec nodemon
6 silly cache add parsed spec { raw: 'nodemon',
6 silly cache add   scope: null,
6 silly cache add   name: 'nodemon',
6 silly cache add   rawSpec: '',
6 silly cache add   spec: '*',
6 silly cache add   type: 'range' }
7 verbose addNamed nodemon@*
8 silly addNamed semver.valid null
9 silly addNamed semver.validRange *
10 silly addNameRange { name: 'nodemon', range: '*', hasData: false }
11 silly mapToRegistry name nodemon
12 silly mapToRegistry using default registry
13 silly mapToRegistry registry https://registry.npmjs.org/
14 silly mapToRegistry uri https://registry.npmjs.org/nodemon
15 verbose addNameRange registry:https://registry.npmjs.org/nodemon not in flight; fetching
16 verbose request uri https://registry.npmjs.org/nodemon
17 verbose request no auth needed
18 info attempt registry request try #1 at 2:59:29 PM
19 verbose request id 6e858aef05ad309e
20 verbose etag "DNOT0RWD6LLR1P4SPHQIUGEJL"
21 http request GET https://registry.npmjs.org/nodemon
22 http 200 https://registry.npmjs.org/nodemon
23 silly get cb [ 200,
23 silly get   { server: 'CouchDB/1.5.0 (Erlang OTP/R16B03)',
23 silly get     etag: '"AHR6C8CZZ78P665JINGDDIP1O"',
23 silly get     'content-type': 'application/json',
23 silly get     'cache-control': 'max-age=60',
23 silly get     'content-length': '146832',
23 silly get     'accept-ranges': 'bytes',
23 silly get     date: 'Wed, 15 Jul 2015 21:59:29 GMT',
23 silly get     via: '1.1 varnish',
23 silly get     age: '11',
23 silly get     connection: 'keep-alive',
23 silly get     'x-served-by': 'cache-sjc3127-SJC',
23 silly get     'x-cache': 'HIT',
23 silly get     'x-cache-hits': '1',
23 silly get     'x-timer': 'S1436997569.281868,VS0,VE0',
23 silly get     vary: 'Accept' } ]
24 verbose get saving nodemon to /Users/will/.npm/registry.npmjs.org/nodemon/.cache.json
25 silly addNameRange number 2 { name: 'nodemon', range: '*', hasData: true }
26 silly addNameRange versions [ 'nodemon',
26 silly addNameRange   [ '0.1.4',
26 silly addNameRange     '0.1.5',
26 silly addNameRange     '0.1.6',
26 silly addNameRange     '0.1.7',
26 silly addNameRange     '0.1.8',
26 silly addNameRange     '0.2.0',
26 silly addNameRange     '0.2.1',
26 silly addNameRange     '0.2.2',
26 silly addNameRange     '0.3.0',
26 silly addNameRange     '0.3.1',
26 silly addNameRange     '0.3.2',
26 silly addNameRange     '0.4.0',
26 silly addNameRange     '0.4.1',
26 silly addNameRange     '0.5.0',
26 silly addNameRange     '0.5.1',
26 silly addNameRange     '0.5.2',
26 silly addNameRange     '0.5.3',
26 silly addNameRange     '0.5.4',
26 silly addNameRange     '0.5.5',
26 silly addNameRange     '0.5.6',
26 silly addNameRange     '0.5.7',
26 silly addNameRange     '0.6.0',
26 silly addNameRange     '0.6.1',
26 silly addNameRange     '0.6.2',
26 silly addNameRange     '0.6.3',
26 silly addNameRange     '0.6.4',
26 silly addNameRange     '0.6.5',
26 silly addNameRange     '0.6.6',
26 silly addNameRange     '0.6.7',
26 silly addNameRange     '0.6.8',
26 silly addNameRange     '0.6.9',
26 silly addNameRange     '0.6.10',
26 silly addNameRange     '0.6.11',
26 silly addNameRange     '0.6.12',
26 silly addNameRange     '0.6.13',
26 silly addNameRange     '0.6.14',
26 silly addNameRange     '0.6.15',
26 silly addNameRange     '0.6.16',
26 silly addNameRange     '0.6.17',
26 silly addNameRange     '0.6.18',
26 silly addNameRange     '0.6.19',
26 silly addNameRange     '0.6.20',
26 silly addNameRange     '0.6.21',
26 silly addNameRange     '0.6.22',
26 silly addNameRange     '0.6.23',
26 silly addNameRange     '0.7.0',
26 silly addNameRange     '0.7.1',
26 silly addNameRange     '0.7.2',
26 silly addNameRange     '0.7.3',
26 silly addNameRange     '0.7.4',
26 silly addNameRange     '0.7.5',
26 silly addNameRange     '0.7.6',
26 silly addNameRange     '0.7.7',
26 silly addNameRange     '0.7.8',
26 silly addNameRange     '0.7.10',
26 silly addNameRange     '0.9.0',
26 silly addNameRange     '0.9.1',
26 silly addNameRange     '0.9.2',
26 silly addNameRange     '0.9.3',
26 silly addNameRange     '0.9.5',
26 silly addNameRange     '0.9.6',
26 silly addNameRange     '0.9.7',
26 silly addNameRange     '0.9.10',
26 silly addNameRange     '0.9.11',
26 silly addNameRange     '0.9.12',
26 silly addNameRange     '0.9.14',
26 silly addNameRange     '0.9.16',
26 silly addNameRange     '0.9.17',
26 silly addNameRange     '1.0.0',
26 silly addNameRange     '1.0.1',
26 silly addNameRange     '1.0.2',
26 silly addNameRange     '1.0.2-rc',
26 silly addNameRange     '0.6.10-a',
26 silly addNameRange     '1.0.2-rc3',
26 silly addNameRange     '1.0.2-rc4',
26 silly addNameRange     '1.0.3',
26 silly addNameRange     '1.0.4',
26 silly addNameRange     '1.0.5',
26 silly addNameRange     '1.0.6',
26 silly addNameRange     '1.0.7',
26 silly addNameRange     '1.0.8',
26 silly addNameRange     '1.0.9',
26 silly addNameRange     '1.0.10',
26 silly addNameRange     '1.0.11',
26 silly addNameRange     '1.0.12',
26 silly addNameRange     '1.0.13',
26 silly addNameRange     '1.0.14',
26 silly addNameRange     '1.0.15',
26 silly addNameRange     '1.0.16',
26 silly addNameRange     '1.0.17-rc1',
26 silly addNameRange     '1.0.17-rc2',
26 silly addNameRange     '1.0.17',
26 silly addNameRange     '1.0.18',
26 silly addNameRange     '1.0.19',
26 silly addNameRange     '1.0.20',
26 silly addNameRange     '1.1.0-alpha',
26 silly addNameRange     '1.1.0',
26 silly addNameRange     '1.1.1',
26 silly addNameRange     '1.2.0',
26 silly addNameRange     '1.2.1',
26 silly addNameRange     '1.3.0-0',
26 silly addNameRange     '1.3.0-1',
26 silly addNameRange     '1.3.0-2',
26 silly addNameRange     '1.3.0-3',
26 silly addNameRange     '1.3.0-4',
26 silly addNameRange     '1.3.0-5',
26 silly addNameRange     '1.3.0-6',
26 silly addNameRange     '1.3.0-7',
26 silly addNameRange     '1.3.0',
26 silly addNameRange     '1.3.1',
26 silly addNameRange     '1.3.2',
26 silly addNameRange     '1.3.3',
26 silly addNameRange     '1.3.5',
26 silly addNameRange     '1.3.6',
26 silly addNameRange     '1.3.7' ] ]
27 verbose addNamed nodemon@1.3.7
28 silly addNamed semver.valid 1.3.7
29 silly addNamed semver.validRange 1.3.7
30 silly cache afterAdd nodemon@1.3.7
31 verbose afterAdd /Users/will/.npm/nodemon/1.3.7/package/package.json not in flight; writing
32 verbose afterAdd /Users/will/.npm/nodemon/1.3.7/package/package.json written
33 silly install resolved [ { name: 'nodemon',
33 silly install resolved     homepage: 'http://nodemon.io',
33 silly install resolved     author: { name: 'Remy Sharp', url: 'http://github.com/remy' },
33 silly install resolved     bin: { nodemon: './bin/nodemon.js' },
33 silly install resolved     engines: { node: '>=0.8' },
33 silly install resolved     repository: { type: 'git', url: 'http://github.com/remy/nodemon.git' },
33 silly install resolved     description: 'Simple monitor script for use during development of a node.js app.',
33 silly install resolved     keywords:
33 silly install resolved      [ 'monitor',
33 silly install resolved        'development',
33 silly install resolved        'restart',
33 silly install resolved        'autoload',
33 silly install resolved        'reload',
33 silly install resolved        'terminal' ],
33 silly install resolved     version: '1.3.7',
33 silly install resolved     preferGlobal: 'true',
33 silly install resolved     licenses: [ [Object] ],
33 silly install resolved     main: './lib/nodemon',
33 silly install resolved     scripts:
33 silly install resolved      { coverage: 'istanbul cover _mocha -- --timeout 30000 --ui bdd --reporter list test/**/*.test.js',
33 silly install resolved        ':test': 'mocha --timeout 30000 --ui bdd test/**/*.test.js',
33 silly install resolved        test: 'for FILE in test/**/*.test.js; do echo $FILE; ./node_modules/.bin/mocha --timeout 30000 $FILE; if [ $? -ne 0 ]; then exit 1; fi; sleep 1; done',
33 silly install resolved        web: 'node web' },
33 silly install resolved     devDependencies:
33 silly install resolved      { 'coffee-script': '~1.7.1',
33 silly install resolved        connect: '~2.19.1',
33 silly install resolved        istanbul: '~0.2.10',
33 silly install resolved        mocha: '^2.0.1',
33 silly install resolved        should: '~4.0.0' },
33 silly install resolved     dependencies:
33 silly install resolved      { minimatch: '~0.3.0',
33 silly install resolved        'ps-tree': '~0.0.3',
33 silly install resolved        touch: '~0.0.3',
33 silly install resolved        'update-notifier': '^0.3.0' },
33 silly install resolved     gitHead: 'ceb53ce403f7b5a39ba4c133f73fe780e472209e',
33 silly install resolved     bugs: { url: 'https://github.com/remy/nodemon/issues' },
33 silly install resolved     _id: 'nodemon@1.3.7',
33 silly install resolved     _shasum: '447bc2e01bf499cbf5853f9937496e0a04835449',
33 silly install resolved     _from: 'nodemon@*',
33 silly install resolved     _npmVersion: '1.4.28',
33 silly install resolved     _npmUser: { name: 'remy', email: 'remy@remysharp.com' },
33 silly install resolved     maintainers: [ [Object] ],
33 silly install resolved     dist:
33 silly install resolved      { shasum: '447bc2e01bf499cbf5853f9937496e0a04835449',
33 silly install resolved        tarball: 'http://registry.npmjs.org/nodemon/-/nodemon-1.3.7.tgz' },
33 silly install resolved     directories: {},
33 silly install resolved     _resolved: 'https://registry.npmjs.org/nodemon/-/nodemon-1.3.7.tgz',
33 silly install resolved     readme: 'ERROR: No README data found!' } ]
34 info install nodemon@1.3.7 into /usr/local/lib
35 info installOne nodemon@1.3.7
36 verbose installOne of nodemon to /usr/local/lib not in flight; installing
37 verbose lock using /Users/will/.npm/_locks/nodemon-49f7ed19e778991e.lock for /usr/local/lib/node_modules/nodemon
38 silly install write writing nodemon 1.3.7 to /usr/local/lib/node_modules/nodemon
39 silly cache addNamed cb nodemon@1.3.7
40 verbose unbuild lib/node_modules/nodemon
41 info preuninstall nodemon@1.3.7
42 info uninstall nodemon@1.3.7
43 verbose unbuild rmStuff nodemon@1.3.7 from /usr/local/lib/node_modules
44 verbose gentlyRm verifying that /usr/local is managed by npm
45 silly isManaged /usr/local is not inside /usr/local/lib/node_modules
46 silly isManaged /usr/local is not inside /usr/local/lib/node_modules
47 silly isManaged /usr/local/bin is inside /usr/local
48 silly gentlyRm /usr/local is managed by npm
49 silly gentlyRm /usr/local/bin/nodemon is under /usr/local
50 verbose gentlyRm vacuuming /usr/local/bin/nodemon up to /usr/local
51 silly gentlyRm removing /usr/local/bin/nodemon
52 silly gentlyRm quitting because other entries in /usr/local/bin
53 info postuninstall nodemon@1.3.7
54 verbose gentlyRm vacuuming /usr/local/lib/node_modules/nodemon
55 silly gentlyRm purging /usr/local/lib/node_modules/nodemon
56 verbose unlock done using /Users/will/.npm/_locks/nodemon-49f7ed19e778991e.lock for /usr/local/lib/node_modules/nodemon
57 verbose stack Error: EACCES, unlink '/usr/local/lib/node_modules/nodemon/.jshintrc'
57 verbose stack     at Error (native)
58 verbose cwd /Users/will/Desktop/Padawan/js
59 error Darwin 14.4.0
60 error argv "node" "/usr/local/bin/npm" "install" "-g" "nodemon"
61 error node v0.12.0
62 error npm  v2.5.1
63 error path /usr/local/lib/node_modules/nodemon/.jshintrc
64 error code EACCES
65 error errno -13
66 error Error: EACCES, unlink '/usr/local/lib/node_modules/nodemon/.jshintrc'
66 error     at Error (native)
66 error  { [Error: EACCES, unlink '/usr/local/lib/node_modules/nodemon/.jshintrc']
66 error   errno: -13,
66 error   code: 'EACCES',
66 error   path: '/usr/local/lib/node_modules/nodemon/.jshintrc' }
67 error Please try running this command again as root/Administrator.
68 verbose exit [ -13, true ]
69 verbose unbuild lib/node_modules/nodemon
70 info preuninstall nodemon@1.3.7
71 info uninstall nodemon@1.3.7
72 verbose unbuild rmStuff nodemon@1.3.7 from /usr/local/lib/node_modules
73 verbose gentlyRm verifying that /usr/local is managed by npm
74 silly isManaged /usr/local is not inside /usr/local/lib/node_modules
75 silly isManaged /usr/local is not inside /usr/local/lib/node_modules
76 silly isManaged /usr/local is not inside /usr/local/bin
77 silly isManaged /usr/local is inside /usr/local
78 silly gentlyRm /usr/local is managed by npm
79 silly gentlyRm /usr/local/bin/nodemon is under /usr/local
80 verbose gentlyRm vacuuming /usr/local/bin/nodemon up to /usr/local
81 info postuninstall nodemon@1.3.7
82 verbose gentlyRm vacuuming /usr/local/lib/node_modules/nodemon
83 silly gentlyRm purging /usr/local/lib/node_modules/nodemon
84 error error rolling back Error: EACCES, unlink '/usr/local/lib/node_modules/nodemon/.jshintrc'
84 error error rolling back     at Error (native)
84 error error rolling back  { [Error: EACCES, unlink '/usr/local/lib/node_modules/nodemon/.jshintrc']
84 error error rolling back   errno: -13,
84 error error rolling back   code: 'EACCES',
84 error error rolling back   path: '/usr/local/lib/node_modules/nodemon/.jshintrc' }
